<?xml version="1.0" encoding="UTF-8"?>
<!-- Generated by org.testng.reporters.JUnitReportReporter -->
<testsuite hostname="LAPTOP-VRCUDKR5" failures="0" tests="1" name="phase3.EndToEndTest" time="1.022" errors="0" timestamp="11 Dec 2022 04:37:48 GMT" skipped="0">
  <testcase classname="phase3.EndToEndTest" name="test1" time="1.022"/>
</testsuite> <!-- phase3.EndToEndTest -->
