<?xml version="1.0" encoding="UTF-8"?>
<!-- Generated by org.testng.reporters.JUnitReportReporter -->
<testsuite hostname="LAPTOP-VRCUDKR5" failures="0" tests="1" name="EndToEndTest.GetAllEmployess" time="0.887" errors="0" timestamp="11 Dec 2022 04:40:37 GMT" skipped="0">
  <testcase classname="EndToEndTest.GetAllEmployess" name="test1" time="0.887"/>
</testsuite> <!-- EndToEndTest.GetAllEmployess -->
