<?xml version="1.0" encoding="UTF-8"?>
<!-- Generated by org.testng.reporters.JUnitReportReporter -->
<testsuite hostname="LAPTOP-VRCUDKR5" failures="0" tests="1" name="EndToEndTest.GetSingleEmployee" time="1.366" errors="0" timestamp="11 Dec 2022 04:44:54 GMT" skipped="0">
  <testcase classname="EndToEndTest.GetSingleEmployee" name="test1" time="1.366"/>
</testsuite> <!-- EndToEndTest.GetSingleEmployee -->
