<?xml version="1.0" encoding="UTF-8"?>
<!-- Generated by org.testng.reporters.JUnitReportReporter -->
<testsuite hostname="LAPTOP-VRCUDKR5" failures="0" tests="1" name="EndToEndTest.CreateEmployee" time="0.981" errors="0" timestamp="11 Dec 2022 04:50:45 GMT" skipped="0">
  <testcase classname="EndToEndTest.CreateEmployee" name="test1" time="0.981"/>
</testsuite> <!-- EndToEndTest.CreateEmployee -->
