<?xml version="1.0" encoding="UTF-8"?>
<!-- Generated by org.testng.reporters.JUnitReportReporter -->
<testsuite hostname="LAPTOP-VRCUDKR5" failures="0" tests="1" name="Employee.EndToEndTest" time="1.677" errors="0" timestamp="14 Dec 2022 10:15:37 GMT" skipped="0">
  <testcase classname="Employee.EndToEndTest" name="test1" time="1.677"/>
</testsuite> <!-- Employee.EndToEndTest -->
