<?xml version="1.0" encoding="UTF-8"?>
<!-- Generated by org.testng.reporters.JUnitReportReporter -->
<testsuite hostname="LAPTOP-VRCUDKR5" failures="0" tests="1" name="Employee.EndToEndTest" time="1.870" errors="0" timestamp="15 Dec 2022 05:01:03 GMT" skipped="0">
  <testcase classname="Employee.EndToEndTest" name="test1" time="1.870"/>
</testsuite> <!-- Employee.EndToEndTest -->
